# JRE version: OpenJDK Runtime Environment JBR-17.0.11+1-1207.24-jcef (17.0.11+1) (build 17.0.11+1-b1207.24)
# Java VM: OpenJDK 64-Bit Server VM JBR-17.0.11+1-1207.24-jcef (17.0.11+1-b1207.24, mixed mode, tiered, compressed oops, compressed class ptrs, g1 gc, bsd-amd64)
Heap:
 garbage-first heap   total 262144K, used 57786K [0x00000007e0000000, 0x0000000800000000)
  region size 1024K, 24 young (24576K), 8 survivors (8192K)
 Metaspace       used 61742K, committed 62272K, reserved 393216K
  class space    used 8715K, committed 8960K, reserved 327680K
GC Heap History (20 events):
Event: 0.478 GC heap before
{Heap before GC invocations=0 (full 0):
 garbage-first heap   total 262144K, used 13312K [0x00000007e0000000, 0x0000000800000000)
  region size 1024K, 13 young (13312K), 0 survivors (0K)
 Metaspace       used 7586K, committed 7744K, reserved 393216K
  class space    used 671K, committed 704K, reserved 327680K
}
Event: 0.482 GC heap after
{Heap after GC invocations=1 (full 0):
 garbage-first heap   total 262144K, used 2240K [0x00000007e0000000, 0x0000000800000000)
  region size 1024K, 2 young (2048K), 2 survivors (2048K)
 Metaspace       used 7586K, committed 7744K, reserved 393216K
  class space    used 671K, committed 704K, reserved 327680K
}
Event: 0.952 GC heap before
{Heap before GC invocations=1 (full 0):
 garbage-first heap   total 262144K, used 22720K [0x00000007e0000000, 0x0000000800000000)
  region size 1024K, 19 young (19456K), 2 survivors (2048K)
 Metaspace       used 10997K, committed 11200K, reserved 393216K
  class space    used 1173K, committed 1280K, reserved 327680K
}
Event: 0.961 GC heap after
{Heap after GC invocations=2 (full 0):
 garbage-first heap   total 262144K, used 11035K [0x00000007e0000000, 0x0000000800000000)
  region size 1024K, 3 young (3072K), 3 survivors (3072K)
 Metaspace       used 10997K, committed 11200K, reserved 393216K
  class space    used 1173K, committed 1280K, reserved 327680K
}
Event: 1.314 GC heap before
{Heap before GC invocations=2 (full 0):
 garbage-first heap   total 262144K, used 34587K [0x00000007e0000000, 0x0000000800000000)
  region size 1024K, 25 young (25600K), 3 survivors (3072K)
 Metaspace       used 11445K, committed 11648K, reserved 393216K
  class space    used 1217K, committed 1280K, reserved 327680K
}
Event: 1.320 GC heap after
{Heap after GC invocations=3 (full 0):
 garbage-first heap   total 262144K, used 14621K [0x00000007e0000000, 0x0000000800000000)
  region size 1024K, 3 young (3072K), 3 survivors (3072K)
 Metaspace       used 11445K, committed 11648K, reserved 393216K
  class space    used 1217K, committed 1280K, reserved 327680K
}
Event: 2.256 GC heap before
{Heap before GC invocations=3 (full 0):
 garbage-first heap   total 262144K, used 56605K [0x00000007e0000000, 0x0000000800000000)
  region size 1024K, 45 young (46080K), 3 survivors (3072K)
 Metaspace       used 21310K, committed 21504K, reserved 393216K
  class space    used 2558K, committed 2688K, reserved 327680K
}
Event: 2.265 GC heap after
{Heap after GC invocations=4 (full 0):
 garbage-first heap   total 262144K, used 20137K [0x00000007e0000000, 0x0000000800000000)
  region size 1024K, 8 young (8192K), 8 survivors (8192K)
 Metaspace       used 21310K, committed 21504K, reserved 393216K
  class space    used 2558K, committed 2688K, reserved 327680K
}
Event: 3.078 GC heap before
{Heap before GC invocations=5 (full 0):
 garbage-first heap   total 262144K, used 72361K [0x00000007e0000000, 0x0000000800000000)
  region size 1024K, 60 young (61440K), 8 survivors (8192K)
 Metaspace       used 28799K, committed 29120K, reserved 393216K
  class space    used 3851K, committed 3968K, reserved 327680K
}
Event: 3.089 GC heap after
{Heap after GC invocations=6 (full 0):
 garbage-first heap   total 262144K, used 23070K [0x00000007e0000000, 0x0000000800000000)
  region size 1024K, 4 young (4096K), 4 survivors (4096K)
 Metaspace       used 28799K, committed 29120K, reserved 393216K
  class space    used 3851K, committed 3968K, reserved 327680K
}
Event: 3.209 GC heap before
{Heap before GC invocations=6 (full 0):
 garbage-first heap   total 262144K, used 30238K [0x00000007e0000000, 0x0000000800000000)
  region size 1024K, 12 young (12288K), 4 survivors (4096K)
 Metaspace       used 29988K, committed 30272K, reserved 393216K
  class space    used 4045K, committed 4224K, reserved 327680K
}
Event: 3.216 GC heap after
{Heap after GC invocations=7 (full 0):
 garbage-first heap   total 262144K, used 23548K [0x00000007e0000000, 0x0000000800000000)
  region size 1024K, 1 young (1024K), 1 survivors (1024K)
 Metaspace       used 29988K, committed 30272K, reserved 393216K
  class space    used 4045K, committed 4224K, reserved 327680K
}
Event: 3.823 GC heap before
{Heap before GC invocations=7 (full 0):
 garbage-first heap   total 262144K, used 69628K [0x00000007e0000000, 0x0000000800000000)
  region size 1024K, 47 young (48128K), 1 survivors (1024K)
 Metaspace       used 35849K, committed 36096K, reserved 393216K
  class space    used 4994K, committed 5120K, reserved 327680K
}
Event: 3.830 GC heap after
{Heap after GC invocations=8 (full 0):
 garbage-first heap   total 262144K, used 25086K [0x00000007e0000000, 0x0000000800000000)
  region size 1024K, 3 young (3072K), 3 survivors (3072K)
 Metaspace       used 35849K, committed 36096K, reserved 393216K
  class space    used 4994K, committed 5120K, reserved 327680K
}
Event: 6.380 GC heap before
{Heap before GC invocations=9 (full 0):
 garbage-first heap   total 262144K, used 184830K [0x00000007e0000000, 0x0000000800000000)
  region size 1024K, 153 young (156672K), 3 survivors (3072K)
 Metaspace       used 54577K, committed 55040K, reserved 393216K
  class space    used 7481K, committed 7680K, reserved 327680K
}
Event: 6.402 GC heap after
{Heap after GC invocations=10 (full 0):
 garbage-first heap   total 262144K, used 35624K [0x00000007e0000000, 0x0000000800000000)
  region size 1024K, 13 young (13312K), 13 survivors (13312K)
 Metaspace       used 54577K, committed 55040K, reserved 393216K
  class space    used 7481K, committed 7680K, reserved 327680K
}
Event: 6.418 GC heap before
{Heap before GC invocations=10 (full 0):
 garbage-first heap   total 262144K, used 36648K [0x00000007e0000000, 0x0000000800000000)
  region size 1024K, 14 young (14336K), 13 survivors (13312K)
 Metaspace       used 54663K, committed 55104K, reserved 393216K
  class space    used 7496K, committed 7680K, reserved 327680K
}
Event: 6.439 GC heap after
{Heap after GC invocations=11 (full 0):
 garbage-first heap   total 262144K, used 36074K [0x00000007e0000000, 0x0000000800000000)
  region size 1024K, 2 young (2048K), 2 survivors (2048K)
 Metaspace       used 54663K, committed 55104K, reserved 393216K
  class space    used 7496K, committed 7680K, reserved 327680K
}
Event: 7.542 GC heap before
{Heap before GC invocations=11 (full 0):
 garbage-first heap   total 262144K, used 134378K [0x00000007e0000000, 0x0000000800000000)
  region size 1024K, 99 young (101376K), 2 survivors (2048K)
 Metaspace       used 60238K, committed 60736K, reserved 393216K
  class space    used 8426K, committed 8704K, reserved 327680K
}
Event: 7.552 GC heap after
{Heap after GC invocations=12 (full 0):
 garbage-first heap   total 262144K, used 41879K [0x00000007e0000000, 0x0000000800000000)
  region size 1024K, 8 young (8192K), 8 survivors (8192K)
 Metaspace       used 60238K, committed 60736K, reserved 393216K
  class space    used 8426K, committed 8704K, reserved 327680K
}

