# JRE version: OpenJDK Runtime Environment JBR-17.0.11+1-1207.24-jcef (17.0.11+1) (build 17.0.11+1-b1207.24)
# Java VM: OpenJDK 64-Bit Server VM JBR-17.0.11+1-1207.24-jcef (17.0.11+1-b1207.24, mixed mode, tiered, compressed oops, compressed class ptrs, g1 gc, bsd-amd64)
Heap:
 garbage-first heap   total 262144K, used 159038K [0x00000007e0000000, 0x0000000800000000)
  region size 1024K, 59 young (60416K), 10 survivors (10240K)
 Metaspace       used 77234K, committed 78080K, reserved 458752K
  class space    used 10727K, committed 11136K, reserved 327680K
GC Heap History (20 events):
Event: 1.522 GC heap before
{Heap before GC invocations=2 (full 0):
 garbage-first heap   total 262144K, used 34695K [0x00000007e0000000, 0x0000000800000000)
  region size 1024K, 25 young (25600K), 3 survivors (3072K)
 Metaspace       used 11457K, committed 11648K, reserved 393216K
  class space    used 1217K, committed 1280K, reserved 327680K
}
Event: 1.526 GC heap after
{Heap after GC invocations=3 (full 0):
 garbage-first heap   total 262144K, used 15046K [0x00000007e0000000, 0x0000000800000000)
  region size 1024K, 3 young (3072K), 3 survivors (3072K)
 Metaspace       used 11457K, committed 11648K, reserved 393216K
  class space    used 1217K, committed 1280K, reserved 327680K
}
Event: 3.039 GC heap before
{Heap before GC invocations=3 (full 0):
 garbage-first heap   total 262144K, used 56006K [0x00000007e0000000, 0x0000000800000000)
  region size 1024K, 44 young (45056K), 3 survivors (3072K)
 Metaspace       used 21303K, committed 21504K, reserved 393216K
  class space    used 2544K, committed 2624K, reserved 327680K
}
Event: 3.057 GC heap after
{Heap after GC invocations=4 (full 0):
 garbage-first heap   total 262144K, used 20217K [0x00000007e0000000, 0x0000000800000000)
  region size 1024K, 8 young (8192K), 8 survivors (8192K)
 Metaspace       used 21303K, committed 21504K, reserved 393216K
  class space    used 2544K, committed 2624K, reserved 327680K
}
Event: 4.167 GC heap before
{Heap before GC invocations=5 (full 0):
 garbage-first heap   total 262144K, used 70393K [0x00000007e0000000, 0x0000000800000000)
  region size 1024K, 58 young (59392K), 8 survivors (8192K)
 Metaspace       used 28713K, committed 29056K, reserved 393216K
  class space    used 3817K, committed 3968K, reserved 327680K
}
Event: 4.224 GC heap after
{Heap after GC invocations=6 (full 0):
 garbage-first heap   total 262144K, used 22972K [0x00000007e0000000, 0x0000000800000000)
  region size 1024K, 3 young (3072K), 3 survivors (3072K)
 Metaspace       used 28713K, committed 29056K, reserved 393216K
  class space    used 3817K, committed 3968K, reserved 327680K
}
Event: 5.616 GC heap before
{Heap before GC invocations=6 (full 0):
 garbage-first heap   total 262144K, used 93628K [0x00000007e0000000, 0x0000000800000000)
  region size 1024K, 65 young (66560K), 3 survivors (3072K)
 Metaspace       used 35977K, committed 36288K, reserved 393216K
  class space    used 5037K, committed 5184K, reserved 327680K
}
Event: 5.626 GC heap after
{Heap after GC invocations=7 (full 0):
 garbage-first heap   total 262144K, used 35204K [0x00000007e0000000, 0x0000000800000000)
  region size 1024K, 7 young (7168K), 7 survivors (7168K)
 Metaspace       used 35977K, committed 36288K, reserved 393216K
  class space    used 5037K, committed 5184K, reserved 327680K
}
Event: 8.381 GC heap before
{Heap before GC invocations=8 (full 0):
 garbage-first heap   total 262144K, used 204164K [0x00000007e0000000, 0x0000000800000000)
  region size 1024K, 153 young (156672K), 7 survivors (7168K)
 Metaspace       used 53037K, committed 53632K, reserved 393216K
  class space    used 7181K, committed 7424K, reserved 327680K
}
Event: 8.407 GC heap after
{Heap after GC invocations=9 (full 0):
 garbage-first heap   total 262144K, used 61332K [0x00000007e0000000, 0x0000000800000000)
  region size 1024K, 20 young (20480K), 20 survivors (20480K)
 Metaspace       used 53037K, committed 53632K, reserved 393216K
  class space    used 7181K, committed 7424K, reserved 327680K
}
Event: 9.824 GC heap before
{Heap before GC invocations=9 (full 0):
 garbage-first heap   total 262144K, used 151444K [0x00000007e0000000, 0x0000000800000000)
  region size 1024K, 109 young (111616K), 20 survivors (20480K)
 Metaspace       used 60340K, committed 60928K, reserved 393216K
  class space    used 8389K, committed 8640K, reserved 327680K
}
Event: 9.867 GC heap after
{Heap after GC invocations=10 (full 0):
 garbage-first heap   total 262144K, used 67144K [0x00000007e0000000, 0x0000000800000000)
  region size 1024K, 7 young (7168K), 7 survivors (7168K)
 Metaspace       used 60340K, committed 60928K, reserved 393216K
  class space    used 8389K, committed 8640K, reserved 327680K
}
Event: 11.581 GC heap before
{Heap before GC invocations=11 (full 0):
 garbage-first heap   total 262144K, used 207432K [0x00000007e0000000, 0x0000000800000000)
  region size 1024K, 130 young (133120K), 7 survivors (7168K)
 Metaspace       used 67515K, committed 68160K, reserved 393216K
  class space    used 9586K, committed 9856K, reserved 327680K
}
Event: 11.602 GC heap after
{Heap after GC invocations=12 (full 0):
 garbage-first heap   total 262144K, used 92160K [0x00000007e0000000, 0x0000000800000000)
  region size 1024K, 17 young (17408K), 17 survivors (17408K)
 Metaspace       used 67515K, committed 68160K, reserved 393216K
  class space    used 9586K, committed 9856K, reserved 327680K
}
Event: 13.408 GC heap before
{Heap before GC invocations=12 (full 0):
 garbage-first heap   total 262144K, used 202752K [0x00000007e0000000, 0x0000000800000000)
  region size 1024K, 125 young (128000K), 17 survivors (17408K)
 Metaspace       used 69792K, committed 70400K, reserved 393216K
  class space    used 9783K, committed 10048K, reserved 327680K
}
Event: 13.455 GC heap after
{Heap after GC invocations=13 (full 0):
 garbage-first heap   total 262144K, used 99265K [0x00000007e0000000, 0x0000000800000000)
  region size 1024K, 7 young (7168K), 7 survivors (7168K)
 Metaspace       used 69792K, committed 70400K, reserved 393216K
  class space    used 9783K, committed 10048K, reserved 327680K
}
Event: 14.472 GC heap before
{Heap before GC invocations=13 (full 0):
 garbage-first heap   total 262144K, used 207809K [0x00000007e0000000, 0x0000000800000000)
  region size 1024K, 113 young (115712K), 7 survivors (7168K)
 Metaspace       used 70854K, committed 71552K, reserved 393216K
  class space    used 9859K, committed 10176K, reserved 327680K
}
Event: 14.485 GC heap after
{Heap after GC invocations=14 (full 0):
 garbage-first heap   total 262144K, used 101313K [0x00000007e0000000, 0x0000000800000000)
  region size 1024K, 9 young (9216K), 9 survivors (9216K)
 Metaspace       used 70854K, committed 71552K, reserved 393216K
  class space    used 9859K, committed 10176K, reserved 327680K
}
Event: 15.473 GC heap before
{Heap before GC invocations=14 (full 0):
 garbage-first heap   total 262144K, used 211905K [0x00000007e0000000, 0x0000000800000000)
  region size 1024K, 115 young (117760K), 9 survivors (9216K)
 Metaspace       used 74190K, committed 74944K, reserved 393216K
  class space    used 10259K, committed 10624K, reserved 327680K
}
Event: 15.492 GC heap after
{Heap after GC invocations=15 (full 0):
 garbage-first heap   total 262144K, used 109568K [0x00000007e0000000, 0x0000000800000000)
  region size 1024K, 10 young (10240K), 10 survivors (10240K)
 Metaspace       used 74190K, committed 74944K, reserved 393216K
  class space    used 10259K, committed 10624K, reserved 327680K
}

